<?xml version="1.0" encoding="UTF-8"?>
<!-- Generated by org.testng.reporters.JUnitReportReporter -->
<testsuite skipped="0" hostname="LAPTOP-ALM46DIO" name="com.runner.TestNGRunnerTest" tests="1" failures="0" timestamp="02 Sep 2021 11:13:02 GMT" time="26.145" errors="0">
  <testcase name="runScenario" time="26.145" classname="com.runner.TestNGRunnerTest"/>
</testsuite> <!-- com.runner.TestNGRunnerTest -->
