<?xml version="1.0" encoding="UTF-8"?>
<!-- Generated by org.testng.reporters.JUnitReportReporter -->
<testsuite skipped="0" hostname="LAPTOP-ALM46DIO" name="com.runner.TestNGRunnerTest" tests="1" failures="0" timestamp="01 Sep 2021 10:25:32 GMT" time="25.184" errors="0">
  <testcase name="runScenario" time="25.184" classname="com.runner.TestNGRunnerTest"/>
</testsuite> <!-- com.runner.TestNGRunnerTest -->
